d:\it\project customer\launchgame\launchhome\debug\launchhome.pch
d:\it\project customer\launchgame\launchhome\debug\vc141.pdb
d:\it\project customer\launchgame\launchhome\debug\vc141.idb
d:\it\project customer\launchgame\launchhome\debug\stdafx.obj
d:\it\project customer\launchgame\launchhome\debug\mysettings.obj
d:\it\project customer\launchgame\launchhome\debug\launchhomedlg.obj
d:\it\project customer\launchgame\launchhome\debug\launchhome.obj
d:\it\project customer\launchgame\debug\launchhome.exe
d:\it\project customer\launchgame\debug\launchhome.ilk
d:\it\project customer\launchgame\debug\launchhome.pdb
d:\it\project customer\launchgame\launchhome\debug\launchhome.res
d:\it\project customer\launchgame\launchhome\debug\launchhome.tlog\cl.command.1.tlog
d:\it\project customer\launchgame\launchhome\debug\launchhome.tlog\cl.read.1.tlog
d:\it\project customer\launchgame\launchhome\debug\launchhome.tlog\cl.write.1.tlog
d:\it\project customer\launchgame\launchhome\debug\launchhome.tlog\link.command.1.tlog
d:\it\project customer\launchgame\launchhome\debug\launchhome.tlog\link.read.1.tlog
d:\it\project customer\launchgame\launchhome\debug\launchhome.tlog\link.write.1.tlog
d:\it\project customer\launchgame\launchhome\debug\launchhome.tlog\rc.command.1.tlog
d:\it\project customer\launchgame\launchhome\debug\launchhome.tlog\rc.read.1.tlog
d:\it\project customer\launchgame\launchhome\debug\launchhome.tlog\rc.write.1.tlog
