  LaunchHome.cpp
d:\it\project customer\launchgame\gamelaucher\launchhome\singlethreadfiledownload.h(2): warning C4005: '_AFXDLL': macro redefinition
  d:\it\project customer\launchgame\gamelaucher\launchhome\stdafx.cpp: note: see previous definition of '_AFXDLL'
  LaunchHomeDlg.cpp
d:\it\project customer\launchgame\gamelaucher\launchhome\singlethreadfiledownload.h(2): warning C4005: '_AFXDLL': macro redefinition
  d:\it\project customer\launchgame\gamelaucher\launchhome\stdafx.cpp: note: see previous definition of '_AFXDLL'
d:\it\project customer\launchgame\gamelaucher\launchhome\launchhomedlg.cpp(113): warning C4244: 'argument': conversion from 'double' to 'int', possible loss of data
d:\it\project customer\launchgame\gamelaucher\launchhome\launchhomedlg.cpp(84): warning C4996: 'mbstowcs': This function or variable may be unsafe. Consider using mbstowcs_s instead. To disable deprecation, use _CRT_SECURE_NO_WARNINGS. See online help for details.
  c:\program files (x86)\windows kits\10\include\10.0.17134.0\ucrt\stdlib.h(927): note: see declaration of 'mbstowcs'
d:\it\project customer\launchgame\gamelaucher\launchhome\launchhomedlg.cpp(210): warning C4244: 'argument': conversion from 'double' to 'int', possible loss of data
d:\it\project customer\launchgame\gamelaucher\launchhome\launchhomedlg.cpp(273): warning C4996: 'fopen': This function or variable may be unsafe. Consider using fopen_s instead. To disable deprecation, use _CRT_SECURE_NO_WARNINGS. See online help for details.
  c:\program files (x86)\windows kits\10\include\10.0.17134.0\ucrt\stdio.h(208): note: see declaration of 'fopen'
d:\it\project customer\launchgame\gamelaucher\launchhome\launchhomedlg.cpp(270): warning C4101: 'v': unreferenced local variable
d:\it\project customer\launchgame\gamelaucher\launchhome\launchhomedlg.cpp(290): warning C4996: 'fopen': This function or variable may be unsafe. Consider using fopen_s instead. To disable deprecation, use _CRT_SECURE_NO_WARNINGS. See online help for details.
  c:\program files (x86)\windows kits\10\include\10.0.17134.0\ucrt\stdio.h(208): note: see declaration of 'fopen'
d:\it\project customer\launchgame\gamelaucher\launchhome\launchhomedlg.cpp(345): warning C4996: 'strcat': This function or variable may be unsafe. Consider using strcat_s instead. To disable deprecation, use _CRT_SECURE_NO_WARNINGS. See online help for details.
  c:\program files (x86)\windows kits\10\include\10.0.17134.0\ucrt\string.h(90): note: see declaration of 'strcat'
d:\it\project customer\launchgame\gamelaucher\launchhome\launchhomedlg.cpp(388): warning C4244: 'argument': conversion from 'double' to 'int', possible loss of data
d:\it\project customer\launchgame\gamelaucher\launchhome\launchhomedlg.cpp(336): warning C4996: 'mbstowcs': This function or variable may be unsafe. Consider using mbstowcs_s instead. To disable deprecation, use _CRT_SECURE_NO_WARNINGS. See online help for details.
  c:\program files (x86)\windows kits\10\include\10.0.17134.0\ucrt\stdlib.h(927): note: see declaration of 'mbstowcs'
d:\it\project customer\launchgame\gamelaucher\launchhome\launchhomedlg.cpp(349): warning C4996: 'mbstowcs': This function or variable may be unsafe. Consider using mbstowcs_s instead. To disable deprecation, use _CRT_SECURE_NO_WARNINGS. See online help for details.
  c:\program files (x86)\windows kits\10\include\10.0.17134.0\ucrt\stdlib.h(927): note: see declaration of 'mbstowcs'
d:\it\project customer\launchgame\gamelaucher\launchhome\launchhomedlg.cpp(373): warning C4996: 'mbstowcs': This function or variable may be unsafe. Consider using mbstowcs_s instead. To disable deprecation, use _CRT_SECURE_NO_WARNINGS. See online help for details.
  c:\program files (x86)\windows kits\10\include\10.0.17134.0\ucrt\stdlib.h(927): note: see declaration of 'mbstowcs'
d:\it\project customer\launchgame\gamelaucher\launchhome\launchhomedlg.cpp(490): warning C4996: 'fopen': This function or variable may be unsafe. Consider using fopen_s instead. To disable deprecation, use _CRT_SECURE_NO_WARNINGS. See online help for details.
  c:\program files (x86)\windows kits\10\include\10.0.17134.0\ucrt\stdio.h(208): note: see declaration of 'fopen'
d:\it\project customer\launchgame\gamelaucher\launchhome\launchhomedlg.cpp(487): warning C4101: 'v': unreferenced local variable
d:\it\project customer\launchgame\gamelaucher\launchhome\launchhomedlg.cpp(509): warning C4996: 'fopen': This function or variable may be unsafe. Consider using fopen_s instead. To disable deprecation, use _CRT_SECURE_NO_WARNINGS. See online help for details.
  c:\program files (x86)\windows kits\10\include\10.0.17134.0\ucrt\stdio.h(208): note: see declaration of 'fopen'
d:\it\project customer\launchgame\gamelaucher\launchhome\launchhomedlg.cpp(682): warning C4996: 'localtime': This function or variable may be unsafe. Consider using localtime_s instead. To disable deprecation, use _CRT_SECURE_NO_WARNINGS. See online help for details.
  c:\program files (x86)\windows kits\10\include\10.0.17134.0\ucrt\time.h(506): note: see declaration of 'localtime'
  Generating code
  17 of 511 functions ( 3.3%) were compiled, the rest were copied from previous compilation.
    2 functions were new in current compilation
    12 functions had inline decision re-evaluated but remain unchanged
  Finished generating code
  LaunchHome.vcxproj -> D:\IT\Project customer\LaunchGame\GameLaucher\x64\Release\LaunchHome.exe
